<?xml version="1.0" encoding="UTF-8"?>
<!-- Generated by org.testng.reporters.JUnitReportReporter -->
<testsuite hostname="DESKTOP-RLT2N6F" failures="0" tests="1" name="testCase_LeafTapWD.CreateContract" time="20.835" errors="0" timestamp="2022-10-19T21:23:16 EDT" skipped="0">
  <testcase classname="testCase_LeafTapWD.CreateContract" name="createContract" time="20.835"/>
</testsuite> <!-- testCase_LeafTapWD.CreateContract -->
