<?xml version="1.0" encoding="UTF-8"?>
<!-- Generated by org.testng.reporters.JUnitReportReporter -->
<testsuite hostname="DESKTOP-RLT2N6F" failures="0" tests="4" name="IntergateDataProWExcel.DataProvider_CreateLead" time="107.601" errors="0" timestamp="2022-11-07T22:01:19 EST" skipped="0">
  <testcase classname="IntergateDataProWExcel.DataProvider_CreateLead" name="dataProvider" time="36.795"/>
  <testcase classname="IntergateDataProWExcel.DataProvider_CreateLead" name="dataProvider" time="24.317"/>
  <testcase classname="IntergateDataProWExcel.DataProvider_CreateLead" name="dataProvider" time="19.236"/>
  <testcase classname="IntergateDataProWExcel.DataProvider_CreateLead" name="dataProvider" time="27.253"/>
</testsuite> <!-- IntergateDataProWExcel.DataProvider_CreateLead -->
