<?xml version="1.0" encoding="UTF-8"?>
<!-- Generated by org.testng.reporters.JUnitReportReporter -->
<testsuite hostname="DESKTOP-RLT2N6F" failures="0" tests="1" name="Learn_Selenium_Interface.CreateLead" time="21.195" errors="0" timestamp="2022-11-16T22:19:36 EST" skipped="0">
  <testcase classname="Learn_Selenium_Interface.CreateLead" name="createLead" time="21.195"/>
</testsuite> <!-- Learn_Selenium_Interface.CreateLead -->
