<?xml version="1.0" encoding="UTF-8"?>
<!-- Generated by org.testng.reporters.JUnitReportReporter -->
<testsuite hostname="DESKTOP-RLT2N6F" failures="0" tests="1" name="testCase_LeafTapWD.CreateLead" time="19.147" errors="0" timestamp="2022-10-19T21:44:39 EDT" skipped="0">
  <testcase classname="testCase_LeafTapWD.CreateLead" name="createLead" time="19.147"/>
</testsuite> <!-- testCase_LeafTapWD.CreateLead -->
