<?xml version="1.0" encoding="UTF-8"?>
<!-- Generated by org.testng.reporters.JUnitReportReporter -->
<testsuite hostname="DESKTOP-RLT2N6F" failures="0" tests="3" name="learnTestNG.AnnotationOrder1" time="0.030" errors="0" timestamp="2022-10-16T14:09:59 EDT" skipped="0">
  <testcase classname="learnTestNG.AnnotationOrder1" name="test3" time="0.004"/>
  <testcase classname="learnTestNG.AnnotationOrder1" name="test2" time="0.019"/>
  <testcase classname="learnTestNG.AnnotationOrder1" name="test1" time="0.007"/>
</testsuite> <!-- learnTestNG.AnnotationOrder1 -->
