<?xml version="1.0" encoding="UTF-8"?>
<!-- Generated by org.testng.reporters.JUnitReportReporter -->
<testsuite hostname="DESKTOP-RLT2N6F" failures="0" tests="1" name="multiBrowserSelenium.ChromeBrowser" time="4.706" errors="0" timestamp="2022-10-23T19:21:16 EDT" skipped="0">
  <testcase classname="multiBrowserSelenium.ChromeBrowser" name="createLead" time="4.706"/>
</testsuite> <!-- multiBrowserSelenium.ChromeBrowser -->
