<?xml version="1.0" encoding="UTF-8"?>
<!-- Generated by org.testng.reporters.JUnitReportReporter -->
<testsuite hostname="DESKTOP-RLT2N6F" failures="0" tests="1" name="Screenshot.Screenshot_TestNG" time="21.406" errors="0" timestamp="2022-11-02T20:51:19 EDT" skipped="0">
  <testcase classname="Screenshot.Screenshot_TestNG" name="screenShot" time="21.406"/>
</testsuite> <!-- Screenshot.Screenshot_TestNG -->
