<?xml version="1.0" encoding="UTF-8"?>
<!-- Generated by org.testng.reporters.JUnitReportReporter -->
<testsuite hostname="DESKTOP-RLT2N6F" failures="0" tests="1" name="learnTestNGParameter.Parameter_CreateLead" time="21.734" errors="0" timestamp="2022-11-02T20:03:39 EDT" skipped="0">
  <testcase classname="learnTestNGParameter.Parameter_CreateLead" name="createLead" time="21.734"/>
</testsuite> <!-- learnTestNGParameter.Parameter_CreateLead -->
