<?xml version="1.0" encoding="UTF-8"?>
<!-- Generated by org.testng.reporters.JUnitReportReporter -->
<testsuite hostname="DESKTOP-RLT2N6F" failures="0" tests="3" name="steps.RunnerFile" time="22.346" errors="0" timestamp="2022-12-01T19:54:29 EST" skipped="0">
  <testcase classname="steps.RunnerFile" name="runScenario" time="9.210"/>
  <testcase classname="steps.RunnerFile" name="runScenario" time="7.439"/>
  <testcase classname="steps.RunnerFile" name="runScenario" time="5.697"/>
</testsuite> <!-- steps.RunnerFile -->
