<?xml version="1.0" encoding="UTF-8"?>
<!-- Generated by org.testng.reporters.JUnitReportReporter -->
<testsuite hostname="DESKTOP-RLT2N6F" failures="0" tests="3" name="LearnDataProvider_Parameterization.DataProviderParameter" time="71.920" errors="0" timestamp="2022-11-04T18:57:26 EDT" skipped="0">
  <testcase classname="LearnDataProvider_Parameterization.DataProviderParameter" name="dataProvider" time="24.816"/>
  <testcase classname="LearnDataProvider_Parameterization.DataProviderParameter" name="dataProvider" time="23.315"/>
  <testcase classname="LearnDataProvider_Parameterization.DataProviderParameter" name="dataProvider" time="23.789"/>
</testsuite> <!-- LearnDataProvider_Parameterization.DataProviderParameter -->
