<?xml version="1.0" encoding="UTF-8"?>
<!-- Generated by org.testng.reporters.JUnitReportReporter -->
<testsuite hostname="DESKTOP-RLT2N6F" failures="0" tests="1" name="multiBrowserSelenium.FireFox" time="6.280" errors="0" timestamp="2022-10-23T19:50:46 EDT" skipped="0">
  <testcase classname="multiBrowserSelenium.FireFox" name="CreateLead" time="6.280"/>
</testsuite> <!-- multiBrowserSelenium.FireFox -->
