<?xml version="1.0" encoding="UTF-8"?>
<!-- Generated by org.testng.reporters.JUnitReportReporter -->
<testsuite hostname="DESKTOP-RLT2N6F" failures="0" tests="1" name="multiBrowserSelenium.EdgeBrowser" time="5.092" errors="0" timestamp="2022-10-23T19:53:39 EDT" skipped="0">
  <testcase classname="multiBrowserSelenium.EdgeBrowser" name="CreateLead" time="5.092"/>
</testsuite> <!-- multiBrowserSelenium.EdgeBrowser -->
