<?xml version="1.0" encoding="UTF-8"?>
<!-- Generated by org.testng.reporters.JUnitReportReporter -->
<testsuite hostname="DESKTOP-RLT2N6F" failures="0" tests="1" name="learnTestNG.LearnTestNG2" time="40.567" errors="0" timestamp="2022-10-16T14:11:16 EDT" skipped="0">
  <testcase classname="learnTestNG.LearnTestNG2" name="learntestng2" time="40.567"/>
</testsuite> <!-- learnTestNG.LearnTestNG2 -->
